<?xml version="1.0" encoding="UTF-8"?>
<!-- Generated by org.testng.reporters.JUnitReportReporter -->
<testsuite hostname="Meghanas-MacBook-Pro.local" failures="0" tests="1" name="Runner.RunCuke" time="155.996" errors="0" timestamp="2023-06-28T23:12:30 PDT" skipped="0">
  <testcase classname="Runner.RunCuke" name="runScenario" time="155.996"/>
  <system-out/>
</testsuite> <!-- Runner.RunCuke -->
